<?xml version="1.0" encoding="UTF-8"?>
<testsuite xmlns:xsi="http://www.w3.org/2001/XMLSchema-instance" xsi:noNamespaceSchemaLocation="https://maven.apache.org/surefire/maven-surefire-plugin/xsd/surefire-test-report.xsd" name="TestSuite" time="142.739" tests="2" errors="0" skipped="0" failures="0">
  <properties>
[...]
</properties>
  <testcase name="logoutTest" classname="com.dubainow.mobile.testcases.LogoutPageTest" time="5.132"/>
  <testcase name="loginFunctionalityTest" classname="com.dubainow.mobile.testcases.LoginPageTest" time="9.975"/>
</testsuite>